<?xml version="1.0" encoding="UTF-8"?>
<!-- Generated by org.testng.reporters.JUnitReportReporter -->
<testsuite hostname="DESKTOP-M4GRLMR" failures="0" tests="3" name="MyTestcases" time="20.293" errors="0" timestamp="2023-11-21T20:02:53 EET" skipped="0">
  <testcase classname="MyTestcases" name="addTwoItems" time="6.539"/>
  <system-out/>
  <testcase classname="MyTestcases" name="addthreeItems" time="5.486"/>
  <system-out/>
  <testcase classname="MyTestcases" name="addFourItems" time="8.268"/>
  <system-out/>
</testsuite> <!-- MyTestcases -->
